# JRE version: 7.0_17-b02
# Java VM: Java HotSpot(TM) 64-Bit Server VM (23.7-b01 mixed mode windows-amd64 compressed oops)
Heap
 PSYoungGen      total 51200K, used 30484K [0x00000000ee400000, 0x00000000f8460000, 0x0000000100000000)
  eden space 48960K, 62% used [0x00000000ee400000,0x00000000f01c5040,0x00000000f13d0000)
  from space 2240K, 0% used [0x00000000f13d0000,0x00000000f13d0000,0x00000000f1600000)
  to   space 48064K, 0% used [0x00000000f5570000,0x00000000f5570000,0x00000000f8460000)
 ParOldGen       total 142528K, used 125085K [0x00000000cac00000, 0x00000000d3730000, 0x00000000ee400000)
  object space 142528K, 87% used [0x00000000cac00000,0x00000000d26274f8,0x00000000d3730000)
 PSPermGen       total 21248K, used 5191K [0x00000000c5a00000, 0x00000000c6ec0000, 0x00000000cac00000)
  object space 21248K, 24% used [0x00000000c5a00000,0x00000000c5f11d00,0x00000000c6ec0000)
GC Heap History (10 events):
Event: 0.216 GC heap before
{Heap before GC invocations=5 (full 2):
 PSYoungGen      total 29632K, used 2240K [0x00000000ee400000, 0x00000000f1830000, 0x0000000100000000)
  eden space 27392K, 0% used [0x00000000ee400000,0x00000000ee400000,0x00000000efec0000)
  from space 2240K, 100% used [0x00000000efec0000,0x00000000f00f0000,0x00000000f00f0000)
  to   space 2240K, 0% used [0x00000000f1600000,0x00000000f1600000,0x00000000f1830000)
 ParOldGen       total 57152K, used 52415K [0x00000000cac00000, 0x00000000ce3d0000, 0x00000000ee400000)
  object space 57152K, 91% used [0x00000000cac00000,0x00000000cdf2ff18,0x00000000ce3d0000)
 PSPermGen       total 21248K, used 5191K [0x00000000c5a00000, 0x00000000c6ec0000, 0x00000000cac00000)
  object space 21248K, 24% used [0x00000000c5a00000,0x00000000c5f11d00,0x00000000c6ec0000)
Event: 0.241 GC heap after
Heap after GC invocations=5 (full 2):
 PSYoungGen      total 29632K, used 0K [0x00000000ee400000, 0x00000000f1830000, 0x0000000100000000)
  eden space 27392K, 0% used [0x00000000ee400000,0x00000000ee400000,0x00000000efec0000)
  from space 2240K, 0% used [0x00000000efec0000,0x00000000efec0000,0x00000000f00f0000)
  to   space 2240K, 0% used [0x00000000f1600000,0x00000000f1600000,0x00000000f1830000)
 ParOldGen       total 103936K, used 53698K [0x00000000cac00000, 0x00000000d1180000, 0x00000000ee400000)
  object space 103936K, 51% used [0x00000000cac00000,0x00000000ce0708b8,0x00000000d1180000)
 PSPermGen       total 21248K, used 5191K [0x00000000c5a00000, 0x00000000c6ec0000, 0x00000000cac00000)
  object space 21248K, 24% used [0x00000000c5a00000,0x00000000c5f11d00,0x00000000c6ec0000)
}
Event: 0.247 GC heap before
{Heap before GC invocations=6 (full 2):
 PSYoungGen      total 29632K, used 27392K [0x00000000ee400000, 0x00000000f1830000, 0x0000000100000000)
  eden space 27392K, 100% used [0x00000000ee400000,0x00000000efec0000,0x00000000efec0000)
  from space 2240K, 0% used [0x00000000efec0000,0x00000000efec0000,0x00000000f00f0000)
  to   space 2240K, 0% used [0x00000000f1600000,0x00000000f1600000,0x00000000f1830000)
 ParOldGen       total 103936K, used 53698K [0x00000000cac00000, 0x00000000d1180000, 0x00000000ee400000)
  object space 103936K, 51% used [0x00000000cac00000,0x00000000ce0708b8,0x00000000d1180000)
 PSPermGen       total 21248K, used 5191K [0x00000000c5a00000, 0x00000000c6ec0000, 0x00000000cac00000)
  object space 21248K, 24% used [0x00000000c5a00000,0x00000000c5f11d00,0x00000000c6ec0000)
Event: 0.268 GC heap after
Heap after GC invocations=6 (full 2):
 PSYoungGen      total 46272K, used 2240K [0x00000000ee400000, 0x00000000f1830000, 0x0000000100000000)
  eden space 44032K, 0% used [0x00000000ee400000,0x00000000ee400000,0x00000000f0f00000)
  from space 2240K, 100% used [0x00000000f1600000,0x00000000f1830000,0x00000000f1830000)
  to   space 2240K, 0% used [0x00000000f13d0000,0x00000000f13d0000,0x00000000f1600000)
 ParOldGen       total 103936K, used 79794K [0x00000000cac00000, 0x00000000d1180000, 0x00000000ee400000)
  object space 103936K, 76% used [0x00000000cac00000,0x00000000cf9ec8b8,0x00000000d1180000)
 PSPermGen       total 21248K, used 5191K [0x00000000c5a00000, 0x00000000c6ec0000, 0x00000000cac00000)
  object space 21248K, 24% used [0x00000000c5a00000,0x00000000c5f11d00,0x00000000c6ec0000)
}
Event: 0.268 GC heap before
{Heap before GC invocations=7 (full 3):
 PSYoungGen      total 46272K, used 2240K [0x00000000ee400000, 0x00000000f1830000, 0x0000000100000000)
  eden space 44032K, 0% used [0x00000000ee400000,0x00000000ee400000,0x00000000f0f00000)
  from space 2240K, 100% used [0x00000000f1600000,0x00000000f1830000,0x00000000f1830000)
  to   space 2240K, 0% used [0x00000000f13d0000,0x00000000f13d0000,0x00000000f1600000)
 ParOldGen       total 103936K, used 79794K [0x00000000cac00000, 0x00000000d1180000, 0x00000000ee400000)
  object space 103936K, 76% used [0x00000000cac00000,0x00000000cf9ec8b8,0x00000000d1180000)
 PSPermGen       total 21248K, used 5191K [0x00000000c5a00000, 0x00000000c6ec0000, 0x00000000cac00000)
  object space 21248K, 24% used [0x00000000c5a00000,0x00000000c5f11d00,0x00000000c6ec0000)
Event: 0.298 GC heap after
Heap after GC invocations=7 (full 3):
 PSYoungGen      total 46272K, used 0K [0x00000000ee400000, 0x00000000f1830000, 0x0000000100000000)
  eden space 44032K, 0% used [0x00000000ee400000,0x00000000ee400000,0x00000000f0f00000)
  from space 2240K, 0% used [0x00000000f1600000,0x00000000f1600000,0x00000000f1830000)
  to   space 2240K, 0% used [0x00000000f13d0000,0x00000000f13d0000,0x00000000f1600000)
 ParOldGen       total 142528K, used 81071K [0x00000000cac00000, 0x00000000d3730000, 0x00000000ee400000)
  object space 142528K, 56% used [0x00000000cac00000,0x00000000cfb2bd38,0x00000000d3730000)
 PSPermGen       total 21248K, used 5191K [0x00000000c5a00000, 0x00000000c6ec0000, 0x00000000cac00000)
  object space 21248K, 24% used [0x00000000c5a00000,0x00000000c5f11d00,0x00000000c6ec0000)
}
Event: 0.312 GC heap before
{Heap before GC invocations=8 (full 3):
 PSYoungGen      total 46272K, used 44032K [0x00000000ee400000, 0x00000000f1830000, 0x0000000100000000)
  eden space 44032K, 100% used [0x00000000ee400000,0x00000000f0f00000,0x00000000f0f00000)
  from space 2240K, 0% used [0x00000000f1600000,0x00000000f1600000,0x00000000f1830000)
  to   space 2240K, 0% used [0x00000000f13d0000,0x00000000f13d0000,0x00000000f1600000)
 ParOldGen       total 142528K, used 81071K [0x00000000cac00000, 0x00000000d3730000, 0x00000000ee400000)
  object space 142528K, 56% used [0x00000000cac00000,0x00000000cfb2bd38,0x00000000d3730000)
 PSPermGen       total 21248K, used 5191K [0x00000000c5a00000, 0x00000000c6ec0000, 0x00000000cac00000)
  object space 21248K, 24% used [0x00000000c5a00000,0x00000000c5f11d00,0x00000000c6ec0000)
Event: 0.345 GC heap after
Heap after GC invocations=8 (full 3):
 PSYoungGen      total 51200K, used 2240K [0x00000000ee400000, 0x00000000f8460000, 0x0000000100000000)
  eden space 48960K, 0% used [0x00000000ee400000,0x00000000ee400000,0x00000000f13d0000)
  from space 2240K, 100% used [0x00000000f13d0000,0x00000000f1600000,0x00000000f1600000)
  to   space 48064K, 0% used [0x00000000f5570000,0x00000000f5570000,0x00000000f8460000)
 ParOldGen       total 142528K, used 124407K [0x00000000cac00000, 0x00000000d3730000, 0x00000000ee400000)
  object space 142528K, 87% used [0x00000000cac00000,0x00000000d257dd38,0x00000000d3730000)
 PSPermGen       total 21248K, used 5191K [0x00000000c5a00000, 0x00000000c6ec0000, 0x00000000cac00000)
  object space 21248K, 24% used [0x00000000c5a00000,0x00000000c5f11d00,0x00000000c6ec0000)
}
Event: 0.346 GC heap before
{Heap before GC invocations=9 (full 4):
 PSYoungGen      total 51200K, used 2240K [0x00000000ee400000, 0x00000000f8460000, 0x0000000100000000)
  eden space 48960K, 0% used [0x00000000ee400000,0x00000000ee400000,0x00000000f13d0000)
  from space 2240K, 100% used [0x00000000f13d0000,0x00000000f1600000,0x00000000f1600000)
  to   space 48064K, 0% used [0x00000000f5570000,0x00000000f5570000,0x00000000f8460000)
 ParOldGen       total 142528K, used 124407K [0x00000000cac00000, 0x00000000d3730000, 0x00000000ee400000)
  object space 142528K, 87% used [0x00000000cac00000,0x00000000d257dd38,0x00000000d3730000)
 PSPermGen       total 21248K, used 5191K [0x00000000c5a00000, 0x00000000c6ec0000, 0x00000000cac00000)
  object space 21248K, 24% used [0x00000000c5a00000,0x00000000c5f11d00,0x00000000c6ec0000)
Event: 0.398 GC heap after
Heap after GC invocations=9 (full 4):
 PSYoungGen      total 51200K, used 0K [0x00000000ee400000, 0x00000000f8460000, 0x0000000100000000)
  eden space 48960K, 0% used [0x00000000ee400000,0x00000000ee400000,0x00000000f13d0000)
  from space 2240K, 0% used [0x00000000f13d0000,0x00000000f13d0000,0x00000000f1600000)
  to   space 48064K, 0% used [0x00000000f5570000,0x00000000f5570000,0x00000000f8460000)
 ParOldGen       total 142528K, used 125085K [0x00000000cac00000, 0x00000000d3730000, 0x00000000ee400000)
  object space 142528K, 87% used [0x00000000cac00000,0x00000000d26274f8,0x00000000d3730000)
 PSPermGen       total 21248K, used 5191K [0x00000000c5a00000, 0x00000000c6ec0000, 0x00000000cac00000)
  object space 21248K, 24% used [0x00000000c5a00000,0x00000000c5f11d00,0x00000000c6ec0000)
}

